<?xml version="1.0" encoding="UTF-8"?>
<!-- Generated by org.testng.reporters.JUnitXMLReporter -->
<testsuite ignored="1" hostname="DESKTOP-O9OR2BF" failures="0" tests="1" name="Default test" time="8.016" errors="0" timestamp="2023-02-25T20:32:54 IST">
  <testcase classname="com.API.testcase.ExtractData" name="loginPostReq" time="7.933"/>
  <testcase classname="com.API.testcase.ExtractData" name="dashboardGetReq" time="0.0">
    <ignored/>
  </testcase> <!-- dashboardGetReq -->
</testsuite> <!-- Default test -->
